app/build/intermediates/manifest_merge_blame_file/debug/manifest-merger-blame-debug-report.txt
1<?xml version="1.0" encoding="utf-8"?>
2<manifest xmlns:android="http://schemas.android.com/apk/res/android"
3    package="com.rahma.pengaduanmasyarakat"
4    android:versionCode="1"
5    android:versionName="1.0" >
6
7    <uses-sdk
8        android:minSdkVersion="16"
8-->src\main\AndroidManifest.xml
9        android:targetSdkVersion="29" />
9-->src\main\AndroidManifest.xml
10
11    <uses-permission android:name="android.permission.ACCESS_NETWORK_STATE" />
11-->src\main\AndroidManifest.xml:51:5-79
11-->src\main\AndroidManifest.xml:51:22-76
12    <uses-permission android:name="android.permission.WRITE_EXTERNAL_STORAGE" />
12-->src\main\AndroidManifest.xml:52:5-81
12-->src\main\AndroidManifest.xml:52:22-78
13    <uses-permission android:name="android.permission.READ_EXTERNAL_STORAGE" />
13-->src\main\AndroidManifest.xml:53:5-80
13-->src\main\AndroidManifest.xml:53:22-77
14    <uses-permission android:name="android.permission.CAMERA" />
14-->src\main\AndroidManifest.xml:54:5-65
14-->src\main\AndroidManifest.xml:54:22-62
15    <uses-permission android:name="android.permission.INTERNET" />
15-->src\main\AndroidManifest.xml:56:5-67
15-->src\main\AndroidManifest.xml:56:22-64
16
17    <application
17-->src\main\AndroidManifest.xml:6:5-50:19
18        android:allowBackup="true"
18-->src\main\AndroidManifest.xml:7:9-35
19        android:appComponentFactory="androidx.core.app.CoreComponentFactory"
19-->[androidx.core:core:1.3.1] AndroidManifest.xml:24:18-86
20        android:debuggable="true"
21        android:icon="@mipmap/ic_launcher"
21-->src\main\AndroidManifest.xml:8:9-43
22        android:label="@string/app_name"
22-->src\main\AndroidManifest.xml:9:9-41
23        android:requestLegacyExternalStorage="true"
23-->src\main\AndroidManifest.xml:10:9-52
24        android:roundIcon="@mipmap/ic_launcher_round"
24-->src\main\AndroidManifest.xml:11:9-54
25        android:supportsRtl="true"
25-->src\main\AndroidManifest.xml:12:9-35
26        android:testOnly="true"
27        android:theme="@style/AppTheme"
27-->src\main\AndroidManifest.xml:13:9-40
28        android:usesCleartextTraffic="true" >
28-->src\main\AndroidManifest.xml:14:9-44
29        <activity
29-->src\main\AndroidManifest.xml:15:9-16:68
30            android:name="com.rahma.pengaduanmasyarakat.FormTanggapan"
30-->src\main\AndroidManifest.xml:15:19-48
31            android:theme="@style/AppTheme.NoActionBar" />
31-->src\main\AndroidManifest.xml:16:13-56
32        <activity
32-->src\main\AndroidManifest.xml:17:9-19:59
33            android:name="com.rahma.pengaduanmasyarakat.DetailProsesPetugas"
33-->src\main\AndroidManifest.xml:18:13-48
34            android:theme="@style/AppTheme.NoActionBar" />
34-->src\main\AndroidManifest.xml:19:13-56
35        <activity
35-->src\main\AndroidManifest.xml:20:9-22:59
36            android:name="com.rahma.pengaduanmasyarakat.DetailBeranda"
36-->src\main\AndroidManifest.xml:21:13-42
37            android:theme="@style/AppTheme.NoActionBar" />
37-->src\main\AndroidManifest.xml:22:13-56
38        <activity
38-->src\main\AndroidManifest.xml:23:9-25:59
39            android:name="com.rahma.pengaduanmasyarakat.Detail_proses"
39-->src\main\AndroidManifest.xml:24:13-42
40            android:theme="@style/AppTheme.NoActionBar" />
40-->src\main\AndroidManifest.xml:25:13-56
41        <activity
41-->src\main\AndroidManifest.xml:26:9-28:59
42            android:name="com.rahma.pengaduanmasyarakat.PetugasActivity"
42-->src\main\AndroidManifest.xml:27:13-44
43            android:theme="@style/AppTheme.NoActionBar" />
43-->src\main\AndroidManifest.xml:28:13-56
44        <activity
44-->src\main\AndroidManifest.xml:29:9-31:59
45            android:name="com.rahma.pengaduanmasyarakat.FormPengaduanActivity"
45-->src\main\AndroidManifest.xml:30:13-50
46            android:theme="@style/AppTheme.NoActionBar" />
46-->src\main\AndroidManifest.xml:31:13-56
47        <activity
47-->src\main\AndroidManifest.xml:32:9-34:59
48            android:name="com.rahma.pengaduanmasyarakat.BerandaActivity"
48-->src\main\AndroidManifest.xml:33:13-44
49            android:theme="@style/AppTheme.NoActionBar" />
49-->src\main\AndroidManifest.xml:34:13-56
50        <activity
50-->src\main\AndroidManifest.xml:35:9-37:59
51            android:name="com.rahma.pengaduanmasyarakat.RegisterActivity"
51-->src\main\AndroidManifest.xml:36:13-45
52            android:theme="@style/AppTheme.NoActionBar" />
52-->src\main\AndroidManifest.xml:37:13-56
53        <activity
53-->src\main\AndroidManifest.xml:38:9-40:59
54            android:name="com.rahma.pengaduanmasyarakat.LoginActivity"
54-->src\main\AndroidManifest.xml:39:13-42
55            android:theme="@style/AppTheme.NoActionBar" />
55-->src\main\AndroidManifest.xml:40:13-56
56        <activity
56-->src\main\AndroidManifest.xml:41:9-49:20
57            android:name="com.rahma.pengaduanmasyarakat.MainActivity"
57-->src\main\AndroidManifest.xml:42:13-41
58            android:theme="@style/AppTheme.NoActionBar" >
58-->src\main\AndroidManifest.xml:43:13-56
59            <intent-filter>
59-->src\main\AndroidManifest.xml:44:13-48:29
60                <action android:name="android.intent.action.MAIN" />
60-->src\main\AndroidManifest.xml:45:17-69
60-->src\main\AndroidManifest.xml:45:25-66
61
62                <category android:name="android.intent.category.LAUNCHER" />
62-->src\main\AndroidManifest.xml:47:17-77
62-->src\main\AndroidManifest.xml:47:27-74
63            </intent-filter>
64        </activity>
65
66        <provider
66-->[com.squareup.picasso:picasso:2.71828] AndroidManifest.xml:8:9-11:40
67            android:name="com.squareup.picasso.PicassoProvider"
67-->[com.squareup.picasso:picasso:2.71828] AndroidManifest.xml:9:13-64
68            android:authorities="com.rahma.pengaduanmasyarakat.com.squareup.picasso"
68-->[com.squareup.picasso:picasso:2.71828] AndroidManifest.xml:10:13-72
69            android:exported="false" />
69-->[com.squareup.picasso:picasso:2.71828] AndroidManifest.xml:11:13-37
70        <provider
70-->[androidx.lifecycle:lifecycle-process:2.2.0] AndroidManifest.xml:25:9-29:43
71            android:name="androidx.lifecycle.ProcessLifecycleOwnerInitializer"
71-->[androidx.lifecycle:lifecycle-process:2.2.0] AndroidManifest.xml:26:13-79
72            android:authorities="com.rahma.pengaduanmasyarakat.lifecycle-process"
72-->[androidx.lifecycle:lifecycle-process:2.2.0] AndroidManifest.xml:27:13-69
73            android:exported="false"
73-->[androidx.lifecycle:lifecycle-process:2.2.0] AndroidManifest.xml:28:13-37
74            android:multiprocess="true" />
74-->[androidx.lifecycle:lifecycle-process:2.2.0] AndroidManifest.xml:29:13-40
75    </application>
76
77</manifest>